<?xml version="1.0" encoding="UTF-8"?>
<testsuite xmlns:xsi="http://www.w3.org/2001/XMLSchema-instance" xsi:noNamespaceSchemaLocation="https://maven.apache.org/surefire/maven-surefire-plugin/xsd/surefire-test-report.xsd" version="3.0.2" name="com.solekta.solekta.TechnovaApplicationTests" time="2.308" tests="1" errors="0" skipped="0" failures="0">
  <properties>
[...]
</properties>
  <testcase name="contextLoads" classname="com.solekta.solekta.TechnovaApplicationTests" time="0.917">
    <system-out><![CDATA[13:52:41.358 [main] INFO org.springframework.test.context.support.AnnotationConfigContextLoaderUtils -- Could not detect default configuration classes for test class [com.solekta.solekta.TechnovaApplicationTests]: TechnovaApplicationTests does not declare any static, non-private, non-final, nested classes annotated with @Configuration.
13:52:41.521 [main] INFO org.springframework.boot.test.context.SpringBootTestContextBootstrapper -- Found @SpringBootConfiguration com.solekta.solekta.TechnovaApplication for test class com.solekta.solekta.TechnovaApplicationTests

  .   ____          _            __ _ _
 /\\ / ___'_ __ _ _(_)_ __  __ _ \ \ \ \
( ( )\___ | '_ | '_| | '_ \/ _` | \ \ \ \
 \\/  ___)| |_)| | | | | || (_| |  ) ) ) )
  '  |____| .__|_| |_|_| |_\__, | / / / /
 =========|_|==============|___/=/_/_/_/

 :: Spring Boot ::             (v4.0.0-M2)

2025-09-16T13:52:42.045+05:30  INFO 14696 --- [technova] [           main] c.s.solekta.TechnovaApplicationTests     : Starting TechnovaApplicationTests using Java 24.0.1 with PID 14696 (started by SOLEKTA in E:\OOAD Project\Technova\solekta)
2025-09-16T13:52:42.046+05:30  INFO 14696 --- [technova] [           main] c.s.solekta.TechnovaApplicationTests     : No active profile set, falling back to 1 default profile: "default"
2025-09-16T13:52:42.504+05:30  INFO 14696 --- [technova] [           main] c.s.solekta.TechnovaApplicationTests     : Started TechnovaApplicationTests in 0.796 seconds (process running for 2.165)
]]></system-out>
    <system-err><![CDATA[Mockito is currently self-attaching to enable the inline-mock-maker. This will no longer work in future releases of the JDK. Please add Mockito as an agent to your build as described in Mockito's documentation: https://javadoc.io/doc/org.mockito/mockito-core/latest/org.mockito/org/mockito/Mockito.html#0.3
WARNING: A Java agent has been loaded dynamically (C:\Users\solek\.m2\repository\net\bytebuddy\byte-buddy-agent\1.17.7\byte-buddy-agent-1.17.7.jar)
WARNING: If a serviceability tool is in use, please run with -XX:+EnableDynamicAgentLoading to hide this warning
WARNING: If a serviceability tool is not in use, please run with -Djdk.instrument.traceUsage for more information
WARNING: Dynamic loading of agents will be disallowed by default in a future release
]]></system-err>
  </testcase>
</testsuite>